<?xml version="1.0" encoding="UTF-8"?>
<testng-results ignored="0" total="2" passed="1" failed="1" skipped="0">
  <reporter-output>
  </reporter-output>
  <suite started-at="2023-03-06T11:06:21 EEST" name="Default suite" finished-at="2023-03-06T11:06:26 EEST" duration-ms="5900">
    <groups>
    </groups>
    <test started-at="2023-03-06T11:06:21 EEST" name="Default test" finished-at="2023-03-06T11:06:26 EEST" duration-ms="5900">
      <class name="Testing.Tammtem">
        <test-method is-config="true" signature="pre_my_test()[pri:0, instance:Testing.Tammtem@3bb9a3ff]" started-at="2023-03-06T11:06:21 EEST" name="pre_my_test" finished-at="2023-03-06T11:06:24 EEST" duration-ms="3721" status="PASS">
          <reporter-output>
          </reporter-output>
        </test-method> <!-- pre_my_test -->
        <test-method signature="Validate_the_Registration()[pri:0, instance:Testing.Tammtem@3bb9a3ff]" started-at="2023-03-06T11:06:24 EEST" name="Validate_the_Registration" finished-at="2023-03-06T11:06:25 EEST" duration-ms="952" status="PASS">
          <reporter-output>
          </reporter-output>
        </test-method> <!-- Validate_the_Registration -->
        <test-method signature="Validate_The_Login_page_And_selecting_Game()[pri:1, instance:Testing.Tammtem@3bb9a3ff]" started-at="2023-03-06T11:06:25 EEST" name="Validate_The_Login_page_And_selecting_Game" finished-at="2023-03-06T11:06:26 EEST" duration-ms="1199" status="FAIL">
          <exception class="org.openqa.selenium.ElementClickInterceptedException">
            <message>
              <![CDATA[element click intercepted: Element <span _ngcontent-ick-c109="" routerlink="/login/by/phone" class="font-bold px-1 cursor-pointer hover:underline underline-offset-2 text-signGreen" tabindex="0">...</span> is not clickable at point (701, 8). Other element would receive the click: <div _ngcontent-ick-c64="" class="header flex justify-between items-center bg-white px-2 sm:px-4 md:px-8 lg:px-24">...</div>
  (Session info: chrome=110.0.5481.178)
Build info: version: '4.8.0', revision: '267030adea'
System info: os.name: 'Windows 11', os.arch: 'amd64', os.version: '10.0', java.version: '19.0.1'
Driver info: org.openqa.selenium.chrome.ChromeDriver
Command: [9e9ac0802f86b2f5a57b7b7e5d1b2ac7, clickElement {id=47ea82fe-2ec2-425d-82eb-b875aba66c36}]
Capabilities {acceptInsecureCerts: false, browserName: chrome, browserVersion: 110.0.5481.178, chrome: {chromedriverVersion: 110.0.5481.77 (65ed616c6e8e..., userDataDir: C:\Users\ASUS\AppData\Local...}, goog:chromeOptions: {debuggerAddress: localhost:64284}, networkConnectionEnabled: false, pageLoadStrategy: normal, platformName: WINDOWS, proxy: Proxy(), se:cdp: ws://localhost:64284/devtoo..., se:cdpVersion: 110.0.5481.178, setWindowRect: true, strictFileInteractability: false, timeouts: {implicit: 0, pageLoad: 300000, script: 30000}, unhandledPromptBehavior: dismiss and notify, webauthn:extension:credBlob: true, webauthn:extension:largeBlob: true, webauthn:virtualAuthenticators: true}
Element: [[ChromeDriver: chrome on WINDOWS (9e9ac0802f86b2f5a57b7b7e5d1b2ac7)] -> xpath: /html/body/app-root/div[1]/div/div/app-signup-tabs/div/div[1]/div/div[2]/span]
Session ID: 9e9ac0802f86b2f5a57b7b7e5d1b2ac7]]>
            </message>
            <full-stacktrace>
              <![CDATA[org.openqa.selenium.ElementClickInterceptedException: element click intercepted: Element <span _ngcontent-ick-c109="" routerlink="/login/by/phone" class="font-bold px-1 cursor-pointer hover:underline underline-offset-2 text-signGreen" tabindex="0">...</span> is not clickable at point (701, 8). Other element would receive the click: <div _ngcontent-ick-c64="" class="header flex justify-between items-center bg-white px-2 sm:px-4 md:px-8 lg:px-24">...</div>
  (Session info: chrome=110.0.5481.178)
Build info: version: '4.8.0', revision: '267030adea'
System info: os.name: 'Windows 11', os.arch: 'amd64', os.version: '10.0', java.version: '19.0.1'
Driver info: org.openqa.selenium.chrome.ChromeDriver
Command: [9e9ac0802f86b2f5a57b7b7e5d1b2ac7, clickElement {id=47ea82fe-2ec2-425d-82eb-b875aba66c36}]
Capabilities {acceptInsecureCerts: false, browserName: chrome, browserVersion: 110.0.5481.178, chrome: {chromedriverVersion: 110.0.5481.77 (65ed616c6e8e..., userDataDir: C:\Users\ASUS\AppData\Local...}, goog:chromeOptions: {debuggerAddress: localhost:64284}, networkConnectionEnabled: false, pageLoadStrategy: normal, platformName: WINDOWS, proxy: Proxy(), se:cdp: ws://localhost:64284/devtoo..., se:cdpVersion: 110.0.5481.178, setWindowRect: true, strictFileInteractability: false, timeouts: {implicit: 0, pageLoad: 300000, script: 30000}, unhandledPromptBehavior: dismiss and notify, webauthn:extension:credBlob: true, webauthn:extension:largeBlob: true, webauthn:virtualAuthenticators: true}
Element: [[ChromeDriver: chrome on WINDOWS (9e9ac0802f86b2f5a57b7b7e5d1b2ac7)] -> xpath: /html/body/app-root/div[1]/div/div/app-signup-tabs/div/div[1]/div/div[2]/span]
Session ID: 9e9ac0802f86b2f5a57b7b7e5d1b2ac7
at java.base/jdk.internal.reflect.DirectConstructorHandleAccessor.newInstance(DirectConstructorHandleAccessor.java:67)
at java.base/java.lang.reflect.Constructor.newInstanceWithCaller(Constructor.java:500)
at java.base/java.lang.reflect.Constructor.newInstance(Constructor.java:484)
at org.openqa.selenium.remote.codec.w3c.W3CHttpResponseCodec.createException(W3CHttpResponseCodec.java:200)
at org.openqa.selenium.remote.codec.w3c.W3CHttpResponseCodec.decode(W3CHttpResponseCodec.java:133)
at org.openqa.selenium.remote.codec.w3c.W3CHttpResponseCodec.decode(W3CHttpResponseCodec.java:53)
at org.openqa.selenium.remote.HttpCommandExecutor.execute(HttpCommandExecutor.java:184)
at org.openqa.selenium.remote.service.DriverCommandExecutor.invokeExecute(DriverCommandExecutor.java:167)
at org.openqa.selenium.remote.service.DriverCommandExecutor.execute(DriverCommandExecutor.java:142)
at org.openqa.selenium.remote.RemoteWebDriver.execute(RemoteWebDriver.java:543)
at org.openqa.selenium.remote.RemoteWebElement.execute(RemoteWebElement.java:257)
at org.openqa.selenium.remote.RemoteWebElement.click(RemoteWebElement.java:78)
at Testing.Tammtem.Validate_The_Login_page_And_selecting_Game(Tammtem.java:51)
at java.base/jdk.internal.reflect.DirectMethodHandleAccessor.invoke(DirectMethodHandleAccessor.java:104)
at java.base/java.lang.reflect.Method.invoke(Method.java:578)
at org.testng.internal.MethodInvocationHelper.invokeMethod(MethodInvocationHelper.java:133)
at org.testng.internal.TestInvoker.invokeMethod(TestInvoker.java:598)
at org.testng.internal.TestInvoker.invokeTestMethod(TestInvoker.java:173)
at org.testng.internal.MethodRunner.runInSequence(MethodRunner.java:46)
at org.testng.internal.TestInvoker$MethodInvocationAgent.invoke(TestInvoker.java:824)
at org.testng.internal.TestInvoker.invokeTestMethods(TestInvoker.java:146)
at org.testng.internal.TestMethodWorker.invokeTestMethods(TestMethodWorker.java:146)
at org.testng.internal.TestMethodWorker.run(TestMethodWorker.java:128)
at java.base/java.util.ArrayList.forEach(ArrayList.java:1511)
at org.testng.TestRunner.privateRun(TestRunner.java:794)
at org.testng.TestRunner.run(TestRunner.java:596)
at org.testng.SuiteRunner.runTest(SuiteRunner.java:377)
at org.testng.SuiteRunner.runSequentially(SuiteRunner.java:371)
at org.testng.SuiteRunner.privateRun(SuiteRunner.java:332)
at org.testng.SuiteRunner.run(SuiteRunner.java:276)
at org.testng.SuiteRunnerWorker.runSuite(SuiteRunnerWorker.java:53)
at org.testng.SuiteRunnerWorker.run(SuiteRunnerWorker.java:96)
at org.testng.TestNG.runSuitesSequentially(TestNG.java:1212)
at org.testng.TestNG.runSuitesLocally(TestNG.java:1134)
at org.testng.TestNG.runSuites(TestNG.java:1063)
at org.testng.TestNG.run(TestNG.java:1031)
at org.testng.remote.AbstractRemoteTestNG.run(AbstractRemoteTestNG.java:115)
at org.testng.remote.RemoteTestNG.initAndRun(RemoteTestNG.java:251)
at org.testng.remote.RemoteTestNG.main(RemoteTestNG.java:77)
]]>
            </full-stacktrace>
          </exception> <!-- org.openqa.selenium.ElementClickInterceptedException -->
          <reporter-output>
          </reporter-output>
        </test-method> <!-- Validate_The_Login_page_And_selecting_Game -->
      </class> <!-- Testing.Tammtem -->
    </test> <!-- Default test -->
  </suite> <!-- Default suite -->
</testng-results>
